-1850 57 -1742 17
-1742 17 -1131 448
-1131 448 -976 2170
-976 2170 -664 2407
-664 2407 -480 1949
-480 1949 -394 2853
-394 2853 3 2157
3 2157 25 639
25 639 47 1517
47 1517 54 2373
54 2373 55 796
55 796 58 2623
58 2623 63 1683
63 1683 69 676
69 676 80 845
80 845 102 170
102 170 112 1928
112 1928 113 2300
113 2300 129 764
129 764 131 2364
131 2364 151 2118
151 2118 160 552
160 552 160 712
160 712 162 2333
102 170 199 109
162 2333 188 1643
188 1643 199 109
199 109 200 1482
200 1482 209 1311
209 1311 210 2707
210 2707 240 1900
240 1900 247 2685
247 2685 250 492
250 492 282 402
282 402 303 528
303 528 316 1052
316 1052 316 2915
282 402 398 387
316 2915 339 -330
339 -330 350 43
350 43 357 2186
357 2186 364 464
364 464 366 1106
366 1106 386 745
250 492 594 475
250 492 594 475
250 492 364 464
250 492 594 475
386 745 398 387
398 387 428 291
428 291 442 1985
442 1985 452 2566
452 2566 457 1392
457 1392 480 -1029
282 402 428 291
282 402 428 291
282 402 428 291
282 402 398 387
282 402 398 387
282 402 398 387
282 402 364 464
250 492 364 464
250 492 364 464
102 170 199 109
102 170 199 109
160 552 250 492
480 -1029 520 248
520 248 520 2496
520 2496 521 1623
521 1623 526 2496
526 2496 575 2580
575 2580 578 1196
578 1196 581 794
581 794 583 2750
583 2750 594 475
69 676 727 666
69 676 957 671
594 475 595 1307
595 1307 615 883
615 883 649 2938
386 745 727 666
386 745 957 671
649 2938 678 2180
678 2180 690 1314
690 1314 692 2292
581 794 1567 794
55 796 1567 794
692 2292 706 2385
706 2385 725 2752
725 2752 727 666
727 666 737 1336
737 1336 744 2905
744 2905 775 1906
80 845 857 843
80 845 1484 867
80 845 849 843
80 845 857 843
775 1906 821 2924
821 2924 826 1323
826 1323 846 2902
615 883 1658 867
615 883 1376 897
615 883 1484 867
615 883 1376 897
615 883 849 843
615 883 857 843
615 883 1376 897
846 2902 849 843
849 843 857 843
857 843 861 285
861 285 861 1653
861 1653 861 2417
861 2417 871 392
316 1052 1094 1015
316 1052 1094 1015
316 1052 1094 1015
316 1052 1094 1015
871 392 879 1622
879 1622 897 1469
897 1469 900 18
900 18 906 -1138
906 -1138 916 1873
916 1873 924 489
578 1196 1964 1172
578 1196 1285 1217
578 1196 1172 1147
578 1196 1285 1217
924 489 938 2746
938 2746 946 643
946 643 957 671
957 671 961 1238
961 1238 967 2938
967 2938 984 1720
595 1307 1395 1295
595 1307 1395 1295
595 1307 1523 1278
595 1307 1395 1295
984 1720 999 909
999 909 1008 2892
1008 2892 1023 193
690 1314 1147 1313
690 1314 1147 1313
690 1314 1147 1313
690 1314 1147 1313
1023 193 1028 2102
1028 2102 1031 1597
1031 1597 1051 1692
1051 1692 1056 1609
1056 1609 1069 471
1069 471 1069 2764
1069 2764 1070 1492
897 1469 1654 1459
897 1469 1386 1477
897 1469 1359 1417
897 1469 1386 1477
1070 1492 1094 1015
1094 1015 1097 1608
1097 1608 1129 -1538
1070 1492 1641 1497
1070 1492 1386 1477
897 1469 1359 1417
897 1469 1359 1417
897 1469 1386 1477
1070 1492 1386 1477
1129 -1538 1136 2075
1136 2075 1142 2669
1142 2669 1147 1313
1147 1313 1154 2621
1154 2621 1159 1789
1159 1789 1164 1506
1031 1597 1164 1506
1031 1597 1164 1506
1070 1492 1164 1506
1031 1597 1164 1506
1031 1597 1164 1506
1164 1506 1172 1147
1172 1147 1211 1838
1211 1838 1215 163
1215 163 1215 2153
1215 2153 1221 2970
1221 2970 1223 807
1223 807 1238 2124
1238 2124 1245 2255
1245 2255 1246 2564
1246 2564 1274 2610
1274 2610 1285 1217
1285 1217 1305 2093
1159 1789 1537 1787
1159 1789 1537 1787
1159 1789 1211 1838
1305 2093 1322 219
1322 219 1325 2781
1325 2781 1331 2776
1331 2776 1336 1117
1336 1117 1359 1417
1359 1417 1367 2319
1367 2319 1376 897
1376 897 1386 1477
1386 1477 1395 1295
1395 1295 1398 2660
1398 2660 1407 506
1407 506 1424 617
1424 617 1429 2103
1429 2103 1452 2821
1452 2821 1453 652
1136 2075 1707 2051
1136 2075 1707 2051
1136 2075 1707 2051
1453 652 1474 109
1474 109 1474 2265
1474 2265 1479 157
1136 2075 1707 2051
1136 2075 1707 2051
1136 2075 1707 2051
1136 2075 1707 2051
1136 2075 1707 2051
1479 157 1484 867
1484 867 1500 235
1500 235 1509 180
1509 180 1514 -2211
1514 -2211 1523 1278
1523 1278 1526 439
678 2180 1811 2200
1526 439 1526 2549
1526 2549 1537 1787
1537 1787 1563 2719
1245 2255 1811 2200
1245 2255 1811 2200
1563 2719 1567 794
1567 794 1591 1126
1591 1126 1593 2443
1367 2319 1923 2300
1367 2319 1923 2300
1245 2255 1811 2200
1245 2255 1811 2200
1245 2255 1811 2200
1593 2443 1595 635
1595 635 1602 800
1602 800 1613 1242
1613 1242 1641 1497
1641 1497 1654 1459
1654 1459 1657 72
1657 72 1658 867
1658 867 1666 899
1666 899 1677 39
1677 39 1677 578
1677 578 1687 2672
1687 2672 1698 2003
1526 2549 1974 2550
1526 2549 1974 2550
1698 2003 1701 1838
1701 1838 1707 2051
1707 2051 1723 415
1723 415 1733 1879
1733 1879 1746 410
1746 410 1761 2351
1274 2610 1777 2593
1274 2610 1811 2604
1274 2610 1777 2593
1274 2610 1811 2604
1761 2351 1777 2593
1777 2593 1794 587
1794 587 1797 1560
1797 1560 1799 201
1799 201 1804 1382
1804 1382 1807 1692
1807 1692 1811 2200
1811 2200 1811 2604
1811 2604 1833 2
1833 2 1838 2757
1838 2757 1846 1504
1846 1504 1849 -1382
1563 2719 1838 2757
1687 2672 1838 2757
1563 2719 1838 2757
1849 -1382 1849 1840
1849 1840 1871 236
1871 236 1872 551
1872 551 1886 245
1886 245 1914 203
1914 203 1923 2300
1923 2300 1935 1003
1935 1003 1952 1914
1952 1914 1959 452
1959 452 1964 1172
1964 1172 1974 2550
1974 2550 1977 549
1977 549 1987 -2346
